[htmldemo.net/facon/facon/index-4.html]
[backblue.gif]
[fade.gif]
[index.html]
[htmldemo.net/facon/facon/img/logo/logo-c.png]
[htmldemo.net/facon/facon/css/pe-icon-7-stroke.css]
[htmldemo.net/facon/facon/css/font-awesome.min.css]
[htmldemo.net/facon/facon/css/meanmenu.min.css]
[htmldemo.net/facon/facon/css/animate.css]
[htmldemo.net/facon/facon/css/slick.css]
[htmldemo.net/facon/facon/css/slick-theme.css]
[htmldemo.net/facon/facon/css/owl.carousel.css]
[htmldemo.net/facon/facon/css/bootstrap.min.css]
[htmldemo.net/facon/facon/style.css]
[htmldemo.net/facon/facon/css/responsive.css]
[htmldemo.net/facon/facon/js/vendor/modernizr-2.8.3.min.js]
[htmldemo.net/facon/facon/index-2.html]
[htmldemo.net/facon/facon/index.html]
[htmldemo.net/facon/facon/index-3.html]
[htmldemo.net/facon/facon/shop.html]
[htmldemo.net/facon/facon/blog.html]
[htmldemo.net/facon/facon/blog-left-sidebar.html]
[htmldemo.net/facon/facon/product-detail.html]
[htmldemo.net/facon/facon/cart.html]
[htmldemo.net/facon/facon/checkout.html]
[htmldemo.net/facon/facon/wishlist.html]
[htmldemo.net/facon/facon/contact.html]
[htmldemo.net/facon/facon/img/logo/logo1.png]
[htmldemo.net/facon/facon/img/products/1.jpg]
[htmldemo.net/facon/facon/img/products/2.jpg]
[htmldemo.net/facon/facon/img/banner/01_home-4.jpg]
[htmldemo.net/facon/facon/img/banner/02_home-4.jpg]
[htmldemo.net/facon/facon/img/banner/03_home-4.jpg]
[htmldemo.net/facon/facon/img/banner/04_home-4.jpg]
[htmldemo.net/facon/facon/img/banner/05_home-4.jpg]
[htmldemo.net/facon/facon/img/products/3.jpg]
[htmldemo.net/facon/facon/img/products/4.jpg]
[htmldemo.net/facon/facon/img/products/9.jpg]
[htmldemo.net/facon/facon/img/products/5.jpg]
[htmldemo.net/facon/facon/img/products/7.jpg]
[htmldemo.net/facon/facon/img/products/6.jpg]
[htmldemo.net/facon/facon/img/blog/b-1.jpg]
[htmldemo.net/facon/facon/img/blog/b-2.jpg]
[htmldemo.net/facon/facon/img/brand-logo/1.png]
[htmldemo.net/facon/facon/img/brand-logo/2.png]
[htmldemo.net/facon/facon/img/brand-logo/3.png]
[htmldemo.net/facon/facon/img/brand-logo/4.png]
[htmldemo.net/facon/facon/img/brand-logo/5.png]
[htmldemo.net/facon/facon/img/cards/discover.png]
[htmldemo.net/facon/facon/img/cards/express.png]
[htmldemo.net/facon/facon/img/cards/master-card.png]
[htmldemo.net/facon/facon/img/cards/paypal.png]
[htmldemo.net/facon/facon/img/cards/visa.png]
[htmldemo.net/facon/facon/js/vendor/jquery-1.12.4.min.js]
[htmldemo.net/facon/facon/js/bootstrap.min.js]
[htmldemo.net/facon/facon/js/owl.carousel.min.js]
[htmldemo.net/facon/facon/js/jquery-ui.min.js]
[htmldemo.net/facon/facon/js/jquery.meanmenu.js]
[htmldemo.net/facon/facon/js/jquery.scrollUp.js]
[htmldemo.net/facon/facon/js/slick.min.js]
[htmldemo.net/facon/facon/index-4.html]
[htmldemo.net/facon/facon/js/main.js]
[htmldemo.net/facon/facon/fonts/Pe-icon-7-strokebb1d.eot]
[htmldemo.net/facon/facon/fonts/Pe-icon-7-stroked41d.eot]
[htmldemo.net/facon/facon/fonts/Pe-icon-7-strokebb1d.woff]
[htmldemo.net/facon/facon/fonts/Pe-icon-7-strokebb1d.ttf]
[htmldemo.net/facon/facon/css/pe-icon-7-stroke.css]
[htmldemo.net/facon/facon/fonts/Pe-icon-7-strokebb1d.svg]
[htmldemo.net/facon/facon/fonts/fontawesome-webfont3295.eot]
[htmldemo.net/facon/facon/fonts/fontawesome-webfontd41d.eot]
[htmldemo.net/facon/facon/fonts/fontawesome-webfont3295.woff2]
[htmldemo.net/facon/facon/fonts/fontawesome-webfont3295.woff]
[htmldemo.net/facon/facon/fonts/fontawesome-webfont3295.ttf]
[htmldemo.net/facon/facon/css/font-awesome.min.css]
[htmldemo.net/facon/facon/css/meanmenu.min.css]
[htmldemo.net/facon/facon/css/animate.css]
[htmldemo.net/facon/facon/css/slick.css]
[htmldemo.net/facon/facon/fonts/fontawesome-webfont3295.svg]
[htmldemo.net/facon/facon/css/ajax-loader.gif]
[htmldemo.net/facon/facon/css/fonts/slick.eot]
[htmldemo.net/facon/facon/css/fonts/slickd41d.eot]
[htmldemo.net/facon/facon/css/fonts/slick.woff]
[htmldemo.net/facon/facon/css/fonts/slick.ttf]
[htmldemo.net/facon/facon/css/fonts/slick.svg]
[htmldemo.net/facon/facon/css/slick-theme.css]
[htmldemo.net/facon/facon/css/owl.video.play.png]
[htmldemo.net/facon/facon/css/owl.carousel.css]
[htmldemo.net/facon/facon/css/bootstrap.min.css]
[htmldemo.net/facon/facon/img/arrivals/icon.png]
[htmldemo.net/facon/facon/img/slider-img/detail.jpg]
[htmldemo.net/facon/facon/img/banner/add.jpg]
[htmldemo.net/facon/facon/img/banner/testimonial-bg.jpg]
[htmldemo.net/facon/facon/img/icon/down-arrow-1.png]
[htmldemo.net/facon/facon/style.css]
[htmldemo.net/facon/facon/css/responsive.css]
[htmldemo.net/facon/facon/img/banner/bn1.jpg]
[htmldemo.net/facon/facon/img/banner/bn2.jpg]
[htmldemo.net/facon/facon/img/banner/bn3.jpg]
[htmldemo.net/facon/facon/img/products/8.jpg]
[htmldemo.net/facon/facon/img/banner/t-author.png]
[htmldemo.net/facon/facon/img/banner/t-author1.png]
[htmldemo.net/facon/facon/img/banner/t-author2.png]
[htmldemo.net/facon/facon/index.html]
[htmldemo.net/facon/facon/img/banner/01_home-2.jpg]
[htmldemo.net/facon/facon/img/banner/02_home-2.jpg]
[htmldemo.net/facon/facon/img/banner/03_home-2.jpg]
[htmldemo.net/facon/facon/img/banner/04_home-2.jpg]
[htmldemo.net/facon/facon/index-2.html]
[htmldemo.net/facon/facon/img/service-icon/5.png]
[htmldemo.net/facon/facon/img/banner/01_home-3.jpg]
[htmldemo.net/facon/facon/img/banner/02_home-3.jpg]
[htmldemo.net/facon/facon/img/banner/03_home-3.jpg]
[htmldemo.net/facon/facon/img/banner/04_home-3.jpg]
[htmldemo.net/facon/facon/img/banner/05_home-3.jpg]
[htmldemo.net/facon/facon/img/banner/06_home-3.jpg]
[htmldemo.net/facon/facon/custom-slider/js/jquery.nivo.slider.js]
[htmldemo.net/facon/facon/index-3.html]
[htmldemo.net/facon/facon/custom-slider/home.js]
[htmldemo.net/facon/facon/css/jquery-ui.min.css]
[htmldemo.net/facon/facon/img/slider-img/grid-baner.jpg]
[htmldemo.net/facon/facon/shop.html]
[htmldemo.net/facon/facon/img/blog/b-3.jpg]
[htmldemo.net/facon/facon/img/blog/comments/3.jpg]
[htmldemo.net/facon/facon/img/blog/comments/2.jpg]
[htmldemo.net/facon/facon/img/blog/comments/1.jpg]
[htmldemo.net/facon/facon/blog.html]
[htmldemo.net/facon/facon/img/blog/sidebar/1.jpg]
[htmldemo.net/facon/facon/img/blog/sidebar/2.jpg]
[htmldemo.net/facon/facon/img/blog/sidebar/3.jpg]
[htmldemo.net/facon/facon/img/blog/sidebar/4.jpg]
[htmldemo.net/facon/facon/img/blog/sidebar/f2.jpg]
[htmldemo.net/facon/facon/img/blog/sidebar/f3.jpg]
[htmldemo.net/facon/facon/img/blog/sidebar/f4.jpg]
[htmldemo.net/facon/facon/img/blog/sidebar/f5.jpg]
[htmldemo.net/facon/facon/img/blog/sidebar/f6.jpg]
[htmldemo.net/facon/facon/audio/ton.mp3]
[htmldemo.net/facon/facon/blog-left-sidebar.html]
[htmldemo.net/facon/facon/img/products/detail-thumb.jpg]
[htmldemo.net/facon/facon/img/products/detail-1.jpg]
[htmldemo.net/facon/facon/img/products/detail-2.jpg]
[htmldemo.net/facon/facon/img/products/thumb-1.jpg]
[htmldemo.net/facon/facon/img/products/thumb-2.jpg]
[htmldemo.net/facon/facon/img/products/thumb-3.jpg]
[htmldemo.net/facon/facon/img/products/thumb-4.jpg]
[htmldemo.net/facon/facon/product-detail.html]
[htmldemo.net/facon/facon/img/products/cart.jpg]
[htmldemo.net/facon/facon/img/products/cart-1.jpg]
[htmldemo.net/facon/facon/cart.html]
[htmldemo.net/facon/facon/checkout.html]
[htmldemo.net/facon/facon/wishlist.html]
[htmldemo.net/facon/facon/contact.html]
[htmldemo.net/facon/facon/fonts/Pe-icon-7-strokebb1d.svg]
[htmldemo.net/facon/facon/fonts/fontawesome-webfont3295.svg]
[htmldemo.net/facon/facon/css/fonts/slick.html]
[htmldemo.net/facon/facon/css/fonts/slickd41d.html]
[htmldemo.net/facon/facon/css/fonts/slick-2.html]
[htmldemo.net/facon/facon/css/fonts/slick-3.html]
[htmldemo.net/facon/facon/css/fonts/slick-4.html]
[htmldemo.net/facon/facon/css/owl.video.play.html]
[htmldemo.net/facon/facon/css/images/ui-icons_444444_256x240.png]
[htmldemo.net/facon/facon/css/images/ui-icons_777777_256x240.png]
[htmldemo.net/facon/facon/css/images/ui-icons_555555_256x240.png]
[htmldemo.net/facon/facon/css/images/ui-icons_ffffff_256x240.png]
[htmldemo.net/facon/facon/css/images/ui-icons_777620_256x240.png]
[htmldemo.net/facon/facon/css/images/ui-icons_cc0000_256x240.png]
[htmldemo.net/facon/facon/css/jquery-ui.min.css]
[htmldemo.net/facon/facon/css/images/ui-icons_444444_256x240.html]
[htmldemo.net/facon/facon/css/images/ui-icons_777777_256x240.html]
[htmldemo.net/facon/facon/css/images/ui-icons_555555_256x240.html]
[htmldemo.net/facon/facon/css/images/ui-icons_ffffff_256x240.html]
[htmldemo.net/facon/facon/css/images/ui-icons_777620_256x240.html]
[htmldemo.net/facon/facon/css/images/ui-icons_cc0000_256x240.html]
